<?xml version="1.0" encoding="UTF-8"?>
<!-- Generated by org.testng.reporters.JUnitReportReporter -->
<testsuite hostname="DESKTOP-61AG9I2" failures="0" tests="3" name="com.amazon.qa.testcases.LoginPageTest" time="36.035" errors="0" timestamp="2021-04-09T12:59:21 IST" skipped="2">
  <testcase classname="com.amazon.qa.testcases.LoginPageTest" name="loginPageTitleTest" time="36.035"/>
  <system-out/>
  <testcase classname="com.amazon.qa.testcases.LoginPageTest" name="login1Test">
    <skipped/>
  </testcase> <!-- login1Test -->
  <system-out/>
  <testcase classname="com.amazon.qa.testcases.LoginPageTest" name="crmlLogoTest">
    <skipped/>
  </testcase> <!-- crmlLogoTest -->
  <system-out/>
</testsuite> <!-- com.amazon.qa.testcases.LoginPageTest -->
